{"/home/runner/work/vscode-python-environments/vscode-python-environments/src/features/terminal/runInTerminal.ts": {"path":"/home/runner/work/vscode-python-environments/vscode-python-environments/src/features/terminal/runInTerminal.ts","all":false,"statementMap":{"0":{"start":{"line":1,"column":0},"end":{"line":1,"column":58}},"1":{"start":{"line":2,"column":0},"end":{"line":2,"column":78}},"2":{"start":{"line":3,"column":0},"end":{"line":3,"column":61}},"3":{"start":{"line":4,"column":0},"end":{"line":4,"column":74}},"4":{"start":{"line":5,"column":0},"end":{"line":5,"column":58}},"5":{"start":{"line":6,"column":0},"end":{"line":6,"column":64}},"6":{"start":{"line":7,"column":0},"end":{"line":7,"column":51}},"7":{"start":{"line":8,"column":0},"end":{"line":8,"column":0}},"8":{"start":{"line":9,"column":0},"end":{"line":9,"column":36}},"9":{"start":{"line":10,"column":0},"end":{"line":10,"column":35}},"10":{"start":{"line":11,"column":0},"end":{"line":11,"column":23}},"11":{"start":{"line":12,"column":0},"end":{"line":12,"column":44}},"12":{"start":{"line":13,"column":0},"end":{"line":13,"column":18}},"13":{"start":{"line":14,"column":0},"end":{"line":14,"column":23}},"14":{"start":{"line":15,"column":0},"end":{"line":15,"column":24}},"15":{"start":{"line":16,"column":0},"end":{"line":16,"column":5}},"16":{"start":{"line":17,"column":0},"end":{"line":17,"column":0}},"17":{"start":{"line":18,"column":0},"end":{"line":18,"column":120}},"18":{"start":{"line":19,"column":0},"end":{"line":19,"column":98}},"19":{"start":{"line":20,"column":0},"end":{"line":20,"column":55}},"20":{"start":{"line":21,"column":0},"end":{"line":21,"column":54}},"21":{"start":{"line":22,"column":0},"end":{"line":22,"column":36}},"22":{"start":{"line":23,"column":0},"end":{"line":23,"column":58}},"23":{"start":{"line":24,"column":0},"end":{"line":24,"column":48}},"24":{"start":{"line":25,"column":0},"end":{"line":25,"column":66}},"25":{"start":{"line":26,"column":0},"end":{"line":26,"column":44}},"26":{"start":{"line":27,"column":0},"end":{"line":27,"column":37}},"27":{"start":{"line":28,"column":0},"end":{"line":28,"column":35}},"28":{"start":{"line":29,"column":0},"end":{"line":29,"column":13}},"29":{"start":{"line":30,"column":0},"end":{"line":30,"column":11}},"30":{"start":{"line":31,"column":0},"end":{"line":31,"column":0}},"31":{"start":{"line":32,"column":0},"end":{"line":32,"column":40}},"32":{"start":{"line":33,"column":0},"end":{"line":33,"column":97}},"33":{"start":{"line":34,"column":0},"end":{"line":34,"column":62}},"34":{"start":{"line":35,"column":0},"end":{"line":35,"column":39}},"35":{"start":{"line":36,"column":0},"end":{"line":36,"column":43}},"36":{"start":{"line":37,"column":0},"end":{"line":37,"column":9}},"37":{"start":{"line":38,"column":0},"end":{"line":38,"column":0}},"38":{"start":{"line":39,"column":0},"end":{"line":39,"column":79}},"39":{"start":{"line":40,"column":0},"end":{"line":40,"column":80}},"40":{"start":{"line":41,"column":0},"end":{"line":41,"column":43}},"41":{"start":{"line":42,"column":0},"end":{"line":42,"column":9}},"42":{"start":{"line":43,"column":0},"end":{"line":43,"column":82}},"43":{"start":{"line":44,"column":0},"end":{"line":44,"column":31}},"44":{"start":{"line":45,"column":0},"end":{"line":45,"column":12}},"45":{"start":{"line":46,"column":0},"end":{"line":46,"column":65}},"46":{"start":{"line":47,"column":0},"end":{"line":47,"column":73}},"47":{"start":{"line":48,"column":0},"end":{"line":48,"column":80}},"48":{"start":{"line":49,"column":0},"end":{"line":49,"column":31}},"49":{"start":{"line":50,"column":0},"end":{"line":50,"column":9}},"50":{"start":{"line":51,"column":0},"end":{"line":51,"column":39}},"51":{"start":{"line":52,"column":0},"end":{"line":52,"column":5}},"52":{"start":{"line":53,"column":0},"end":{"line":53,"column":1}}},"s":{"0":1,"1":1,"2":1,"3":1,"4":1,"5":1,"6":1,"7":1,"8":1,"9":0,"10":0,"11":0,"12":0,"13":0,"14":0,"15":0,"16":0,"17":0,"18":0,"19":0,"20":0,"21":0,"22":0,"23":0,"24":0,"25":0,"26":0,"27":0,"28":0,"29":0,"30":0,"31":0,"32":0,"33":0,"34":0,"35":0,"36":0,"37":0,"38":0,"39":0,"40":0,"41":0,"42":0,"43":0,"44":0,"45":0,"46":0,"47":0,"48":0,"49":0,"50":0,"51":0,"52":0},"branchMap":{},"b":{},"fnMap":{"0":{"name":"runInTerminal","decl":{"start":{"line":9,"column":7},"end":{"line":53,"column":1}},"loc":{"start":{"line":9,"column":7},"end":{"line":53,"column":1}},"line":9}},"f":{"0":0}}
,"/home/runner/work/vscode-python-environments/vscode-python-environments/src/features/terminal/terminalEnvVarInjector.ts": {"path":"/home/runner/work/vscode-python-environments/vscode-python-environments/src/features/terminal/terminalEnvVarInjector.ts","all":false,"statementMap":{"0":{"start":{"line":1,"column":0},"end":{"line":1,"column":60}},"1":{"start":{"line":2,"column":0},"end":{"line":2,"column":34}},"2":{"start":{"line":3,"column":0},"end":{"line":3,"column":0}},"3":{"start":{"line":4,"column":0},"end":{"line":4,"column":32}},"4":{"start":{"line":5,"column":0},"end":{"line":5,"column":29}},"5":{"start":{"line":6,"column":0},"end":{"line":6,"column":8}},"6":{"start":{"line":7,"column":0},"end":{"line":7,"column":15}},"7":{"start":{"line":8,"column":0},"end":{"line":8,"column":29}},"8":{"start":{"line":9,"column":0},"end":{"line":9,"column":40}},"9":{"start":{"line":10,"column":0},"end":{"line":10,"column":11}},"10":{"start":{"line":11,"column":0},"end":{"line":11,"column":14}},"11":{"start":{"line":12,"column":0},"end":{"line":12,"column":20}},"12":{"start":{"line":13,"column":0},"end":{"line":13,"column":16}},"13":{"start":{"line":14,"column":0},"end":{"line":14,"column":64}},"14":{"start":{"line":15,"column":0},"end":{"line":15,"column":72}},"15":{"start":{"line":16,"column":0},"end":{"line":16,"column":83}},"16":{"start":{"line":17,"column":0},"end":{"line":17,"column":64}},"17":{"start":{"line":18,"column":0},"end":{"line":18,"column":0}},"18":{"start":{"line":19,"column":0},"end":{"line":19,"column":3}},"19":{"start":{"line":20,"column":0},"end":{"line":20,"column":87}},"20":{"start":{"line":21,"column":0},"end":{"line":21,"column":53}},"21":{"start":{"line":22,"column":0},"end":{"line":22,"column":3}},"22":{"start":{"line":23,"column":0},"end":{"line":23,"column":59}},"23":{"start":{"line":24,"column":0},"end":{"line":24,"column":43}},"24":{"start":{"line":25,"column":0},"end":{"line":25,"column":0}},"25":{"start":{"line":26,"column":0},"end":{"line":26,"column":16}},"26":{"start":{"line":27,"column":0},"end":{"line":27,"column":79}},"27":{"start":{"line":28,"column":0},"end":{"line":28,"column":54}},"28":{"start":{"line":29,"column":0},"end":{"line":29,"column":7}},"29":{"start":{"line":30,"column":0},"end":{"line":30,"column":26}},"30":{"start":{"line":31,"column":0},"end":{"line":31,"column":5}},"31":{"start":{"line":32,"column":0},"end":{"line":32,"column":0}},"32":{"start":{"line":33,"column":0},"end":{"line":33,"column":7}},"33":{"start":{"line":34,"column":0},"end":{"line":34,"column":98}},"34":{"start":{"line":35,"column":0},"end":{"line":35,"column":7}},"35":{"start":{"line":36,"column":0},"end":{"line":36,"column":47}},"36":{"start":{"line":37,"column":0},"end":{"line":37,"column":92}},"37":{"start":{"line":38,"column":0},"end":{"line":38,"column":0}},"38":{"start":{"line":39,"column":0},"end":{"line":39,"column":67}},"39":{"start":{"line":40,"column":0},"end":{"line":40,"column":30}},"40":{"start":{"line":41,"column":0},"end":{"line":41,"column":74}},"41":{"start":{"line":42,"column":0},"end":{"line":42,"column":32}},"42":{"start":{"line":43,"column":0},"end":{"line":43,"column":61}},"43":{"start":{"line":44,"column":0},"end":{"line":44,"column":72}},"44":{"start":{"line":45,"column":0},"end":{"line":45,"column":85}},"45":{"start":{"line":46,"column":0},"end":{"line":46,"column":23}},"46":{"start":{"line":47,"column":0},"end":{"line":47,"column":27}},"47":{"start":{"line":48,"column":0},"end":{"line":48,"column":17}},"48":{"start":{"line":49,"column":0},"end":{"line":49,"column":0}},"49":{"start":{"line":50,"column":0},"end":{"line":50,"column":71}},"50":{"start":{"line":51,"column":0},"end":{"line":51,"column":41}},"51":{"start":{"line":52,"column":0},"end":{"line":52,"column":87}},"52":{"start":{"line":53,"column":0},"end":{"line":53,"column":72}},"53":{"start":{"line":54,"column":0},"end":{"line":54,"column":85}},"54":{"start":{"line":55,"column":0},"end":{"line":55,"column":23}},"55":{"start":{"line":56,"column":0},"end":{"line":56,"column":27}},"56":{"start":{"line":57,"column":0},"end":{"line":57,"column":17}},"57":{"start":{"line":58,"column":0},"end":{"line":58,"column":0}},"58":{"start":{"line":59,"column":0},"end":{"line":59,"column":79}},"59":{"start":{"line":60,"column":0},"end":{"line":60,"column":68}},"60":{"start":{"line":61,"column":0},"end":{"line":61,"column":85}},"61":{"start":{"line":62,"column":0},"end":{"line":62,"column":66}},"62":{"start":{"line":63,"column":0},"end":{"line":63,"column":0}},"63":{"start":{"line":64,"column":0},"end":{"line":64,"column":112}},"64":{"start":{"line":65,"column":0},"end":{"line":65,"column":49}},"65":{"start":{"line":66,"column":0},"end":{"line":66,"column":50}},"66":{"start":{"line":67,"column":0},"end":{"line":67,"column":203}},"67":{"start":{"line":68,"column":0},"end":{"line":68,"column":22}},"68":{"start":{"line":69,"column":0},"end":{"line":69,"column":17}},"69":{"start":{"line":70,"column":0},"end":{"line":70,"column":0}},"70":{"start":{"line":71,"column":0},"end":{"line":71,"column":44}},"71":{"start":{"line":72,"column":0},"end":{"line":72,"column":45}},"72":{"start":{"line":73,"column":0},"end":{"line":73,"column":68}},"73":{"start":{"line":74,"column":0},"end":{"line":74,"column":24}},"74":{"start":{"line":75,"column":0},"end":{"line":75,"column":89}},"75":{"start":{"line":76,"column":0},"end":{"line":76,"column":85}},"76":{"start":{"line":77,"column":0},"end":{"line":77,"column":23}},"77":{"start":{"line":78,"column":0},"end":{"line":78,"column":17}},"78":{"start":{"line":79,"column":0},"end":{"line":79,"column":15}},"79":{"start":{"line":80,"column":0},"end":{"line":80,"column":10}},"80":{"start":{"line":81,"column":0},"end":{"line":81,"column":0}},"81":{"start":{"line":82,"column":0},"end":{"line":82,"column":59}},"82":{"start":{"line":83,"column":0},"end":{"line":83,"column":30}},"83":{"start":{"line":84,"column":0},"end":{"line":84,"column":55}},"84":{"start":{"line":85,"column":0},"end":{"line":85,"column":63}},"85":{"start":{"line":86,"column":0},"end":{"line":86,"column":33}},"86":{"start":{"line":87,"column":0},"end":{"line":87,"column":113}},"87":{"start":{"line":88,"column":0},"end":{"line":88,"column":22}},"88":{"start":{"line":89,"column":0},"end":{"line":89,"column":72}},"89":{"start":{"line":90,"column":0},"end":{"line":90,"column":85}},"90":{"start":{"line":91,"column":0},"end":{"line":91,"column":23}},"91":{"start":{"line":92,"column":0},"end":{"line":92,"column":17}},"92":{"start":{"line":93,"column":0},"end":{"line":93,"column":15}},"93":{"start":{"line":94,"column":0},"end":{"line":94,"column":10}},"94":{"start":{"line":95,"column":0},"end":{"line":95,"column":0}},"95":{"start":{"line":96,"column":0},"end":{"line":96,"column":48}},"96":{"start":{"line":97,"column":0},"end":{"line":97,"column":48}},"97":{"start":{"line":98,"column":0},"end":{"line":98,"column":5}},"98":{"start":{"line":99,"column":0},"end":{"line":99,"column":0}},"99":{"start":{"line":100,"column":0},"end":{"line":100,"column":7}},"100":{"start":{"line":101,"column":0},"end":{"line":101,"column":63}},"101":{"start":{"line":102,"column":0},"end":{"line":102,"column":7}},"102":{"start":{"line":103,"column":0},"end":{"line":103,"column":96}},"103":{"start":{"line":104,"column":0},"end":{"line":104,"column":13}},"104":{"start":{"line":105,"column":0},"end":{"line":105,"column":34}},"105":{"start":{"line":106,"column":0},"end":{"line":106,"column":54}},"106":{"start":{"line":107,"column":0},"end":{"line":107,"column":29}},"107":{"start":{"line":108,"column":0},"end":{"line":108,"column":122}},"108":{"start":{"line":109,"column":0},"end":{"line":109,"column":18}},"109":{"start":{"line":110,"column":0},"end":{"line":110,"column":83}},"110":{"start":{"line":111,"column":0},"end":{"line":111,"column":20}},"111":{"start":{"line":112,"column":0},"end":{"line":112,"column":64}},"112":{"start":{"line":113,"column":0},"end":{"line":113,"column":0}},"113":{"start":{"line":114,"column":0},"end":{"line":114,"column":68}},"114":{"start":{"line":115,"column":0},"end":{"line":115,"column":73}},"115":{"start":{"line":116,"column":0},"end":{"line":116,"column":115}},"116":{"start":{"line":117,"column":0},"end":{"line":117,"column":27}},"117":{"start":{"line":118,"column":0},"end":{"line":118,"column":17}},"118":{"start":{"line":119,"column":0},"end":{"line":119,"column":0}},"119":{"start":{"line":120,"column":0},"end":{"line":120,"column":106}},"120":{"start":{"line":121,"column":0},"end":{"line":121,"column":56}},"121":{"start":{"line":122,"column":0},"end":{"line":122,"column":78}},"122":{"start":{"line":123,"column":0},"end":{"line":123,"column":17}},"123":{"start":{"line":124,"column":0},"end":{"line":124,"column":13}},"124":{"start":{"line":125,"column":0},"end":{"line":125,"column":0}},"125":{"start":{"line":126,"column":0},"end":{"line":126,"column":93}},"126":{"start":{"line":127,"column":0},"end":{"line":127,"column":25}},"127":{"start":{"line":128,"column":0},"end":{"line":128,"column":95}},"128":{"start":{"line":129,"column":0},"end":{"line":129,"column":9}},"129":{"start":{"line":130,"column":0},"end":{"line":130,"column":5}},"130":{"start":{"line":131,"column":0},"end":{"line":131,"column":0}},"131":{"start":{"line":132,"column":0},"end":{"line":132,"column":7}},"132":{"start":{"line":133,"column":0},"end":{"line":133,"column":61}},"133":{"start":{"line":134,"column":0},"end":{"line":134,"column":7}},"134":{"start":{"line":135,"column":0},"end":{"line":135,"column":107}},"135":{"start":{"line":136,"column":0},"end":{"line":136,"column":49}},"136":{"start":{"line":137,"column":0},"end":{"line":137,"column":13}},"137":{"start":{"line":138,"column":0},"end":{"line":138,"column":91}},"138":{"start":{"line":139,"column":0},"end":{"line":139,"column":0}},"139":{"start":{"line":140,"column":0},"end":{"line":140,"column":57}},"140":{"start":{"line":141,"column":0},"end":{"line":141,"column":97}},"141":{"start":{"line":142,"column":0},"end":{"line":142,"column":0}},"142":{"start":{"line":143,"column":0},"end":{"line":143,"column":53}},"143":{"start":{"line":144,"column":0},"end":{"line":144,"column":68}},"144":{"start":{"line":145,"column":0},"end":{"line":145,"column":81}},"145":{"start":{"line":146,"column":0},"end":{"line":146,"column":62}},"146":{"start":{"line":147,"column":0},"end":{"line":147,"column":0}},"147":{"start":{"line":148,"column":0},"end":{"line":148,"column":30}},"148":{"start":{"line":149,"column":0},"end":{"line":149,"column":29}},"149":{"start":{"line":150,"column":0},"end":{"line":150,"column":112}},"150":{"start":{"line":151,"column":0},"end":{"line":151,"column":18}},"151":{"start":{"line":152,"column":0},"end":{"line":152,"column":23}},"152":{"start":{"line":153,"column":0},"end":{"line":153,"column":13}},"153":{"start":{"line":154,"column":0},"end":{"line":154,"column":0}},"154":{"start":{"line":155,"column":0},"end":{"line":155,"column":62}},"155":{"start":{"line":156,"column":0},"end":{"line":156,"column":71}},"156":{"start":{"line":157,"column":0},"end":{"line":157,"column":75}},"157":{"start":{"line":158,"column":0},"end":{"line":158,"column":28}},"158":{"start":{"line":159,"column":0},"end":{"line":159,"column":86}},"159":{"start":{"line":160,"column":0},"end":{"line":160,"column":0}},"160":{"start":{"line":161,"column":0},"end":{"line":161,"column":86}},"161":{"start":{"line":162,"column":0},"end":{"line":162,"column":81}},"162":{"start":{"line":163,"column":0},"end":{"line":163,"column":93}},"163":{"start":{"line":164,"column":0},"end":{"line":164,"column":20}},"164":{"start":{"line":165,"column":0},"end":{"line":165,"column":29}},"165":{"start":{"line":166,"column":0},"end":{"line":166,"column":141}},"166":{"start":{"line":167,"column":0},"end":{"line":167,"column":18}},"167":{"start":{"line":168,"column":0},"end":{"line":168,"column":49}},"168":{"start":{"line":169,"column":0},"end":{"line":169,"column":13}},"169":{"start":{"line":170,"column":0},"end":{"line":170,"column":0}},"170":{"start":{"line":171,"column":0},"end":{"line":171,"column":65}},"171":{"start":{"line":172,"column":0},"end":{"line":172,"column":42}},"172":{"start":{"line":173,"column":0},"end":{"line":173,"column":80}},"173":{"start":{"line":174,"column":0},"end":{"line":174,"column":44}},"174":{"start":{"line":175,"column":0},"end":{"line":175,"column":24}},"175":{"start":{"line":176,"column":0},"end":{"line":176,"column":52}},"176":{"start":{"line":177,"column":0},"end":{"line":177,"column":17}},"177":{"start":{"line":178,"column":0},"end":{"line":178,"column":13}},"178":{"start":{"line":179,"column":0},"end":{"line":179,"column":25}},"179":{"start":{"line":180,"column":0},"end":{"line":180,"column":23}},"180":{"start":{"line":181,"column":0},"end":{"line":181,"column":118}},"181":{"start":{"line":182,"column":0},"end":{"line":182,"column":22}},"182":{"start":{"line":183,"column":0},"end":{"line":183,"column":14}},"183":{"start":{"line":184,"column":0},"end":{"line":184,"column":9}},"184":{"start":{"line":185,"column":0},"end":{"line":185,"column":5}},"185":{"start":{"line":186,"column":0},"end":{"line":186,"column":0}},"186":{"start":{"line":187,"column":0},"end":{"line":187,"column":7}},"187":{"start":{"line":188,"column":0},"end":{"line":188,"column":54}},"188":{"start":{"line":189,"column":0},"end":{"line":189,"column":7}},"189":{"start":{"line":190,"column":0},"end":{"line":190,"column":21}},"190":{"start":{"line":191,"column":0},"end":{"line":191,"column":58}},"191":{"start":{"line":192,"column":0},"end":{"line":192,"column":71}},"192":{"start":{"line":193,"column":0},"end":{"line":193,"column":30}},"193":{"start":{"line":194,"column":0},"end":{"line":194,"column":0}},"194":{"start":{"line":195,"column":0},"end":{"line":195,"column":62}},"195":{"start":{"line":196,"column":0},"end":{"line":196,"column":38}},"196":{"start":{"line":197,"column":0},"end":{"line":197,"column":5}},"197":{"start":{"line":198,"column":0},"end":{"line":198,"column":0}},"198":{"start":{"line":199,"column":0},"end":{"line":199,"column":90}},"199":{"start":{"line":200,"column":0},"end":{"line":200,"column":94}},"200":{"start":{"line":201,"column":0},"end":{"line":201,"column":49}},"201":{"start":{"line":202,"column":0},"end":{"line":202,"column":5}},"202":{"start":{"line":203,"column":0},"end":{"line":203,"column":0}},"203":{"start":{"line":204,"column":0},"end":{"line":204,"column":7}},"204":{"start":{"line":205,"column":0},"end":{"line":205,"column":55}},"205":{"start":{"line":206,"column":0},"end":{"line":206,"column":7}},"206":{"start":{"line":207,"column":0},"end":{"line":207,"column":77}},"207":{"start":{"line":208,"column":0},"end":{"line":208,"column":13}},"208":{"start":{"line":209,"column":0},"end":{"line":209,"column":91}},"209":{"start":{"line":210,"column":0},"end":{"line":210,"column":26}},"210":{"start":{"line":211,"column":0},"end":{"line":211,"column":25}},"211":{"start":{"line":212,"column":0},"end":{"line":212,"column":116}},"212":{"start":{"line":213,"column":0},"end":{"line":213,"column":9}},"213":{"start":{"line":214,"column":0},"end":{"line":214,"column":5}},"214":{"start":{"line":215,"column":0},"end":{"line":215,"column":1}}},"s":{"0":1,"1":1,"2":1,"3":1,"4":1,"5":1,"6":1,"7":1,"8":1,"9":1,"10":1,"11":1,"12":1,"13":1,"14":1,"15":1,"16":1,"17":1,"18":1,"19":1,"20":1,"21":1,"22":1,"23":1,"24":1,"25":1,"26":0,"27":0,"28":0,"29":0,"30":0,"31":1,"32":1,"33":1,"34":1,"35":1,"36":0,"37":0,"38":0,"39":0,"40":0,"41":0,"42":0,"43":0,"44":0,"45":0,"46":0,"47":0,"48":0,"49":0,"50":0,"51":0,"52":0,"53":0,"54":0,"55":0,"56":0,"57":0,"58":0,"59":0,"60":0,"61":0,"62":0,"63":0,"64":0,"65":0,"66":0,"67":0,"68":0,"69":0,"70":0,"71":0,"72":0,"73":0,"74":0,"75":0,"76":0,"77":0,"78":0,"79":0,"80":0,"81":0,"82":0,"83":0,"84":0,"85":0,"86":0,"87":0,"88":0,"89":0,"90":0,"91":0,"92":0,"93":0,"94":0,"95":0,"96":0,"97":0,"98":1,"99":1,"100":1,"101":1,"102":1,"103":0,"104":0,"105":0,"106":0,"107":0,"108":0,"109":0,"110":0,"111":0,"112":0,"113":0,"114":0,"115":0,"116":0,"117":0,"118":0,"119":0,"120":0,"121":0,"122":0,"123":0,"124":0,"125":0,"126":0,"127":0,"128":0,"129":0,"130":1,"131":1,"132":1,"133":1,"134":1,"135":0,"136":0,"137":0,"138":0,"139":0,"140":0,"141":0,"142":0,"143":0,"144":0,"145":0,"146":0,"147":0,"148":0,"149":0,"150":0,"151":0,"152":0,"153":0,"154":0,"155":0,"156":0,"157":0,"158":0,"159":0,"160":0,"161":0,"162":0,"163":0,"164":0,"165":0,"166":0,"167":0,"168":0,"169":0,"170":0,"171":0,"172":0,"173":0,"174":0,"175":0,"176":0,"177":0,"178":0,"179":0,"180":0,"181":0,"182":0,"183":0,"184":0,"185":1,"186":1,"187":1,"188":1,"189":1,"190":0,"191":0,"192":0,"193":0,"194":0,"195":0,"196":0,"197":1,"198":1,"199":0,"200":0,"201":0,"202":1,"203":1,"204":1,"205":1,"206":1,"207":0,"208":0,"209":0,"210":0,"211":0,"212":0,"213":0,"214":1},"branchMap":{},"b":{},"fnMap":{"0":{"name":"TerminalEnvVarInjector","decl":{"start":{"line":26,"column":4},"end":{"line":31,"column":5}},"loc":{"start":{"line":26,"column":4},"end":{"line":31,"column":5}},"line":26},"1":{"name":"initialize","decl":{"start":{"line":36,"column":12},"end":{"line":98,"column":5}},"loc":{"start":{"line":36,"column":12},"end":{"line":98,"column":5}},"line":36},"2":{"name":"updateEnvironmentVariables","decl":{"start":{"line":103,"column":12},"end":{"line":130,"column":5}},"loc":{"start":{"line":103,"column":12},"end":{"line":130,"column":5}},"line":103},"3":{"name":"injectEnvironmentVariablesForWorkspace","decl":{"start":{"line":135,"column":12},"end":{"line":185,"column":5}},"loc":{"start":{"line":135,"column":12},"end":{"line":185,"column":5}},"line":135},"4":{"name":"dispose","decl":{"start":{"line":190,"column":4},"end":{"line":197,"column":5}},"loc":{"start":{"line":190,"column":4},"end":{"line":197,"column":5}},"line":190},"5":{"name":"getEnvironmentVariableCollectionScoped","decl":{"start":{"line":199,"column":12},"end":{"line":202,"column":5}},"loc":{"start":{"line":199,"column":12},"end":{"line":202,"column":5}},"line":199},"6":{"name":"clearWorkspaceVariables","decl":{"start":{"line":207,"column":12},"end":{"line":214,"column":5}},"loc":{"start":{"line":207,"column":12},"end":{"line":214,"column":5}},"line":207}},"f":{"0":0,"1":0,"2":0,"3":0,"4":0,"5":0,"6":0}}
,"/home/runner/work/vscode-python-environments/vscode-python-environments/src/features/terminal/utils.ts": {"path":"/home/runner/work/vscode-python-environments/vscode-python-environments/src/features/terminal/utils.ts","all":false,"statementMap":{"0":{"start":{"line":1,"column":0},"end":{"line":1,"column":29}},"1":{"start":{"line":2,"column":0},"end":{"line":2,"column":73}},"2":{"start":{"line":3,"column":0},"end":{"line":3,"column":114}},"3":{"start":{"line":4,"column":0},"end":{"line":4,"column":56}},"4":{"start":{"line":5,"column":0},"end":{"line":5,"column":67}},"5":{"start":{"line":6,"column":0},"end":{"line":6,"column":103}},"6":{"start":{"line":7,"column":0},"end":{"line":7,"column":84}},"7":{"start":{"line":8,"column":0},"end":{"line":8,"column":0}},"8":{"start":{"line":9,"column":0},"end":{"line":9,"column":60}},"9":{"start":{"line":10,"column":0},"end":{"line":10,"column":66}},"10":{"start":{"line":11,"column":0},"end":{"line":11,"column":0}},"11":{"start":{"line":12,"column":0},"end":{"line":12,"column":3}},"12":{"start":{"line":13,"column":0},"end":{"line":13,"column":38}},"13":{"start":{"line":14,"column":0},"end":{"line":14,"column":85}},"14":{"start":{"line":15,"column":0},"end":{"line":15,"column":93}},"15":{"start":{"line":16,"column":0},"end":{"line":16,"column":60}},"16":{"start":{"line":17,"column":0},"end":{"line":17,"column":3}},"17":{"start":{"line":18,"column":0},"end":{"line":18,"column":85}},"18":{"start":{"line":19,"column":0},"end":{"line":19,"column":36}},"19":{"start":{"line":20,"column":0},"end":{"line":20,"column":20}},"20":{"start":{"line":21,"column":0},"end":{"line":21,"column":5}},"21":{"start":{"line":22,"column":0},"end":{"line":22,"column":0}},"22":{"start":{"line":23,"column":0},"end":{"line":23,"column":59}},"23":{"start":{"line":24,"column":0},"end":{"line":24,"column":90}},"24":{"start":{"line":25,"column":0},"end":{"line":25,"column":84}},"25":{"start":{"line":26,"column":0},"end":{"line":26,"column":50}},"26":{"start":{"line":27,"column":0},"end":{"line":27,"column":26}},"27":{"start":{"line":28,"column":0},"end":{"line":28,"column":63}},"28":{"start":{"line":29,"column":0},"end":{"line":29,"column":76}},"29":{"start":{"line":30,"column":0},"end":{"line":30,"column":12}},"30":{"start":{"line":31,"column":0},"end":{"line":31,"column":48}},"31":{"start":{"line":32,"column":0},"end":{"line":32,"column":5}},"32":{"start":{"line":33,"column":0},"end":{"line":33,"column":0}},"33":{"start":{"line":34,"column":0},"end":{"line":34,"column":41}},"34":{"start":{"line":35,"column":0},"end":{"line":35,"column":0}},"35":{"start":{"line":36,"column":0},"end":{"line":36,"column":9}},"36":{"start":{"line":37,"column":0},"end":{"line":37,"column":43}},"37":{"start":{"line":38,"column":0},"end":{"line":38,"column":61}},"38":{"start":{"line":39,"column":0},"end":{"line":39,"column":49}},"39":{"start":{"line":40,"column":0},"end":{"line":40,"column":0}},"40":{"start":{"line":41,"column":0},"end":{"line":41,"column":63}},"41":{"start":{"line":42,"column":0},"end":{"line":42,"column":47}},"42":{"start":{"line":43,"column":0},"end":{"line":43,"column":33}},"43":{"start":{"line":44,"column":0},"end":{"line":44,"column":64}},"44":{"start":{"line":45,"column":0},"end":{"line":45,"column":54}},"45":{"start":{"line":46,"column":0},"end":{"line":46,"column":42}},"46":{"start":{"line":47,"column":0},"end":{"line":47,"column":25}},"47":{"start":{"line":48,"column":0},"end":{"line":48,"column":23}},"48":{"start":{"line":49,"column":0},"end":{"line":49,"column":18}},"49":{"start":{"line":50,"column":0},"end":{"line":50,"column":15}},"50":{"start":{"line":51,"column":0},"end":{"line":51,"column":0}},"51":{"start":{"line":52,"column":0},"end":{"line":52,"column":69}},"52":{"start":{"line":53,"column":0},"end":{"line":53,"column":47}},"53":{"start":{"line":54,"column":0},"end":{"line":54,"column":48}},"54":{"start":{"line":55,"column":0},"end":{"line":55,"column":66}},"55":{"start":{"line":56,"column":0},"end":{"line":56,"column":88}},"56":{"start":{"line":57,"column":0},"end":{"line":57,"column":39}},"57":{"start":{"line":58,"column":0},"end":{"line":58,"column":21}},"58":{"start":{"line":59,"column":0},"end":{"line":59,"column":19}},"59":{"start":{"line":60,"column":0},"end":{"line":60,"column":44}},"60":{"start":{"line":61,"column":0},"end":{"line":61,"column":33}},"61":{"start":{"line":62,"column":0},"end":{"line":62,"column":51}},"62":{"start":{"line":63,"column":0},"end":{"line":63,"column":54}},"63":{"start":{"line":64,"column":0},"end":{"line":64,"column":52}},"64":{"start":{"line":65,"column":0},"end":{"line":65,"column":48}},"65":{"start":{"line":66,"column":0},"end":{"line":66,"column":25}},"66":{"start":{"line":67,"column":0},"end":{"line":67,"column":23}},"67":{"start":{"line":68,"column":0},"end":{"line":68,"column":18}},"68":{"start":{"line":69,"column":0},"end":{"line":69,"column":15}},"69":{"start":{"line":70,"column":0},"end":{"line":70,"column":11}},"70":{"start":{"line":71,"column":0},"end":{"line":71,"column":0}},"71":{"start":{"line":72,"column":0},"end":{"line":72,"column":22}},"72":{"start":{"line":73,"column":0},"end":{"line":73,"column":15}},"73":{"start":{"line":74,"column":0},"end":{"line":74,"column":48}},"74":{"start":{"line":75,"column":0},"end":{"line":75,"column":5}},"75":{"start":{"line":76,"column":0},"end":{"line":76,"column":1}},"76":{"start":{"line":77,"column":0},"end":{"line":77,"column":0}},"77":{"start":{"line":78,"column":0},"end":{"line":78,"column":81}},"78":{"start":{"line":79,"column":0},"end":{"line":79,"column":68}},"79":{"start":{"line":80,"column":0},"end":{"line":80,"column":43}},"80":{"start":{"line":81,"column":0},"end":{"line":81,"column":21}},"81":{"start":{"line":82,"column":0},"end":{"line":82,"column":5}},"82":{"start":{"line":83,"column":0},"end":{"line":83,"column":0}},"83":{"start":{"line":84,"column":0},"end":{"line":84,"column":70}},"84":{"start":{"line":85,"column":0},"end":{"line":85,"column":53}},"85":{"start":{"line":86,"column":0},"end":{"line":86,"column":61}},"86":{"start":{"line":87,"column":0},"end":{"line":87,"column":20}},"87":{"start":{"line":88,"column":0},"end":{"line":88,"column":5}},"88":{"start":{"line":89,"column":0},"end":{"line":89,"column":0}},"89":{"start":{"line":90,"column":0},"end":{"line":90,"column":31}},"90":{"start":{"line":91,"column":0},"end":{"line":91,"column":57}},"91":{"start":{"line":92,"column":0},"end":{"line":92,"column":20}},"92":{"start":{"line":93,"column":0},"end":{"line":93,"column":5}},"93":{"start":{"line":94,"column":0},"end":{"line":94,"column":0}},"94":{"start":{"line":95,"column":0},"end":{"line":95,"column":39}},"95":{"start":{"line":96,"column":0},"end":{"line":96,"column":47}},"96":{"start":{"line":97,"column":0},"end":{"line":97,"column":20}},"97":{"start":{"line":98,"column":0},"end":{"line":98,"column":5}},"98":{"start":{"line":99,"column":0},"end":{"line":99,"column":0}},"99":{"start":{"line":100,"column":0},"end":{"line":100,"column":33}},"100":{"start":{"line":101,"column":0},"end":{"line":101,"column":46}},"101":{"start":{"line":102,"column":0},"end":{"line":102,"column":20}},"102":{"start":{"line":103,"column":0},"end":{"line":103,"column":5}},"103":{"start":{"line":104,"column":0},"end":{"line":104,"column":0}},"104":{"start":{"line":105,"column":0},"end":{"line":105,"column":25}},"105":{"start":{"line":106,"column":0},"end":{"line":106,"column":49}},"106":{"start":{"line":107,"column":0},"end":{"line":107,"column":20}},"107":{"start":{"line":108,"column":0},"end":{"line":108,"column":5}},"108":{"start":{"line":109,"column":0},"end":{"line":109,"column":0}},"109":{"start":{"line":110,"column":0},"end":{"line":110,"column":65}},"110":{"start":{"line":111,"column":0},"end":{"line":111,"column":51}},"111":{"start":{"line":112,"column":0},"end":{"line":112,"column":20}},"112":{"start":{"line":113,"column":0},"end":{"line":113,"column":5}},"113":{"start":{"line":114,"column":0},"end":{"line":114,"column":0}},"114":{"start":{"line":115,"column":0},"end":{"line":115,"column":59}},"115":{"start":{"line":116,"column":0},"end":{"line":116,"column":49}},"116":{"start":{"line":117,"column":0},"end":{"line":117,"column":20}},"117":{"start":{"line":118,"column":0},"end":{"line":118,"column":5}},"118":{"start":{"line":119,"column":0},"end":{"line":119,"column":0}},"119":{"start":{"line":120,"column":0},"end":{"line":120,"column":17}},"120":{"start":{"line":121,"column":0},"end":{"line":121,"column":1}},"121":{"start":{"line":122,"column":0},"end":{"line":122,"column":0}},"122":{"start":{"line":123,"column":0},"end":{"line":123,"column":61}},"123":{"start":{"line":124,"column":0},"end":{"line":124,"column":89}},"124":{"start":{"line":125,"column":0},"end":{"line":125,"column":56}},"125":{"start":{"line":126,"column":0},"end":{"line":126,"column":1}},"126":{"start":{"line":127,"column":0},"end":{"line":127,"column":0}},"127":{"start":{"line":128,"column":0},"end":{"line":128,"column":72}},"128":{"start":{"line":129,"column":0},"end":{"line":129,"column":41}},"129":{"start":{"line":130,"column":0},"end":{"line":130,"column":52}},"130":{"start":{"line":131,"column":0},"end":{"line":131,"column":5}},"131":{"start":{"line":132,"column":0},"end":{"line":132,"column":67}},"132":{"start":{"line":133,"column":0},"end":{"line":133,"column":14}},"133":{"start":{"line":134,"column":0},"end":{"line":134,"column":58}},"134":{"start":{"line":135,"column":0},"end":{"line":135,"column":5}},"135":{"start":{"line":136,"column":0},"end":{"line":136,"column":21}},"136":{"start":{"line":137,"column":0},"end":{"line":137,"column":1}},"137":{"start":{"line":138,"column":0},"end":{"line":138,"column":0}},"138":{"start":{"line":139,"column":0},"end":{"line":139,"column":38}},"139":{"start":{"line":140,"column":0},"end":{"line":140,"column":37}},"140":{"start":{"line":141,"column":0},"end":{"line":141,"column":39}},"141":{"start":{"line":142,"column":0},"end":{"line":142,"column":33}},"142":{"start":{"line":143,"column":0},"end":{"line":143,"column":41}},"143":{"start":{"line":144,"column":0},"end":{"line":144,"column":22}},"144":{"start":{"line":145,"column":0},"end":{"line":145,"column":35}},"145":{"start":{"line":146,"column":0},"end":{"line":146,"column":54}},"146":{"start":{"line":147,"column":0},"end":{"line":147,"column":68}},"147":{"start":{"line":148,"column":0},"end":{"line":148,"column":29}},"148":{"start":{"line":149,"column":0},"end":{"line":149,"column":13}},"149":{"start":{"line":150,"column":0},"end":{"line":150,"column":11}},"150":{"start":{"line":151,"column":0},"end":{"line":151,"column":6}},"151":{"start":{"line":152,"column":0},"end":{"line":152,"column":16}},"152":{"start":{"line":153,"column":0},"end":{"line":153,"column":1}},"153":{"start":{"line":154,"column":0},"end":{"line":154,"column":0}},"154":{"start":{"line":155,"column":0},"end":{"line":155,"column":48}},"155":{"start":{"line":156,"column":0},"end":{"line":156,"column":62}},"156":{"start":{"line":157,"column":0},"end":{"line":157,"column":24}},"157":{"start":{"line":158,"column":0},"end":{"line":158,"column":43}},"158":{"start":{"line":159,"column":0},"end":{"line":159,"column":43}},"159":{"start":{"line":160,"column":0},"end":{"line":160,"column":0}},"160":{"start":{"line":161,"column":0},"end":{"line":161,"column":45}},"161":{"start":{"line":162,"column":0},"end":{"line":162,"column":32}},"162":{"start":{"line":163,"column":0},"end":{"line":163,"column":50}},"163":{"start":{"line":164,"column":0},"end":{"line":164,"column":39}},"164":{"start":{"line":165,"column":0},"end":{"line":165,"column":56}},"165":{"start":{"line":166,"column":0},"end":{"line":166,"column":12}},"166":{"start":{"line":167,"column":0},"end":{"line":167,"column":65}},"167":{"start":{"line":168,"column":0},"end":{"line":168,"column":32}},"168":{"start":{"line":169,"column":0},"end":{"line":169,"column":71}},"169":{"start":{"line":170,"column":0},"end":{"line":170,"column":26}},"170":{"start":{"line":171,"column":0},"end":{"line":171,"column":16}},"171":{"start":{"line":172,"column":0},"end":{"line":172,"column":80}},"172":{"start":{"line":173,"column":0},"end":{"line":173,"column":65}},"173":{"start":{"line":174,"column":0},"end":{"line":174,"column":28}},"174":{"start":{"line":175,"column":0},"end":{"line":175,"column":9}},"175":{"start":{"line":176,"column":0},"end":{"line":176,"column":5}},"176":{"start":{"line":177,"column":0},"end":{"line":177,"column":0}},"177":{"start":{"line":178,"column":0},"end":{"line":178,"column":14}},"178":{"start":{"line":179,"column":0},"end":{"line":179,"column":19}},"179":{"start":{"line":180,"column":0},"end":{"line":180,"column":5}},"180":{"start":{"line":181,"column":0},"end":{"line":181,"column":0}},"181":{"start":{"line":182,"column":0},"end":{"line":182,"column":89}},"182":{"start":{"line":183,"column":0},"end":{"line":183,"column":66}},"183":{"start":{"line":184,"column":0},"end":{"line":184,"column":72}},"184":{"start":{"line":185,"column":0},"end":{"line":185,"column":22}},"185":{"start":{"line":186,"column":0},"end":{"line":186,"column":76}},"186":{"start":{"line":187,"column":0},"end":{"line":187,"column":12}},"187":{"start":{"line":188,"column":0},"end":{"line":188,"column":55}},"188":{"start":{"line":189,"column":0},"end":{"line":189,"column":38}},"189":{"start":{"line":190,"column":0},"end":{"line":190,"column":62}},"190":{"start":{"line":191,"column":0},"end":{"line":191,"column":9}},"191":{"start":{"line":192,"column":0},"end":{"line":192,"column":5}},"192":{"start":{"line":193,"column":0},"end":{"line":193,"column":0}},"193":{"start":{"line":194,"column":0},"end":{"line":194,"column":15}},"194":{"start":{"line":195,"column":0},"end":{"line":195,"column":1}},"195":{"start":{"line":196,"column":0},"end":{"line":196,"column":0}},"196":{"start":{"line":197,"column":0},"end":{"line":197,"column":45}},"197":{"start":{"line":198,"column":0},"end":{"line":198,"column":42}},"198":{"start":{"line":199,"column":0},"end":{"line":199,"column":34}},"199":{"start":{"line":200,"column":0},"end":{"line":200,"column":68}},"200":{"start":{"line":201,"column":0},"end":{"line":201,"column":3}},"201":{"start":{"line":202,"column":0},"end":{"line":202,"column":76}},"202":{"start":{"line":203,"column":0},"end":{"line":203,"column":2}},"203":{"start":{"line":204,"column":0},"end":{"line":204,"column":37}},"204":{"start":{"line":205,"column":0},"end":{"line":205,"column":71}},"205":{"start":{"line":206,"column":0},"end":{"line":206,"column":61}},"206":{"start":{"line":207,"column":0},"end":{"line":207,"column":39}},"207":{"start":{"line":208,"column":0},"end":{"line":208,"column":2}},"208":{"start":{"line":209,"column":0},"end":{"line":209,"column":18}},"209":{"start":{"line":210,"column":0},"end":{"line":210,"column":45}},"210":{"start":{"line":211,"column":0},"end":{"line":211,"column":26}},"211":{"start":{"line":212,"column":0},"end":{"line":212,"column":25}},"212":{"start":{"line":213,"column":0},"end":{"line":213,"column":20}},"213":{"start":{"line":214,"column":0},"end":{"line":214,"column":110}},"214":{"start":{"line":215,"column":0},"end":{"line":215,"column":49}},"215":{"start":{"line":216,"column":0},"end":{"line":216,"column":2}},"216":{"start":{"line":217,"column":0},"end":{"line":217,"column":68}},"217":{"start":{"line":218,"column":0},"end":{"line":218,"column":3}},"218":{"start":{"line":219,"column":0},"end":{"line":219,"column":61}},"219":{"start":{"line":220,"column":0},"end":{"line":220,"column":57}},"220":{"start":{"line":221,"column":0},"end":{"line":221,"column":105}},"221":{"start":{"line":222,"column":0},"end":{"line":222,"column":0}},"222":{"start":{"line":223,"column":0},"end":{"line":223,"column":31}},"223":{"start":{"line":224,"column":0},"end":{"line":224,"column":77}},"224":{"start":{"line":225,"column":0},"end":{"line":225,"column":79}},"225":{"start":{"line":226,"column":0},"end":{"line":226,"column":0}},"226":{"start":{"line":227,"column":0},"end":{"line":227,"column":108}},"227":{"start":{"line":228,"column":0},"end":{"line":228,"column":74}},"228":{"start":{"line":229,"column":0},"end":{"line":229,"column":9}},"229":{"start":{"line":230,"column":0},"end":{"line":230,"column":106}},"230":{"start":{"line":231,"column":0},"end":{"line":231,"column":73}},"231":{"start":{"line":232,"column":0},"end":{"line":232,"column":9}},"232":{"start":{"line":233,"column":0},"end":{"line":233,"column":61}},"233":{"start":{"line":234,"column":0},"end":{"line":234,"column":52}},"234":{"start":{"line":235,"column":0},"end":{"line":235,"column":9}},"235":{"start":{"line":236,"column":0},"end":{"line":236,"column":5}},"236":{"start":{"line":237,"column":0},"end":{"line":237,"column":0}},"237":{"start":{"line":238,"column":0},"end":{"line":238,"column":87}},"238":{"start":{"line":239,"column":0},"end":{"line":239,"column":52}},"239":{"start":{"line":240,"column":0},"end":{"line":240,"column":115}},"240":{"start":{"line":241,"column":0},"end":{"line":241,"column":42}},"241":{"start":{"line":242,"column":0},"end":{"line":242,"column":90}},"242":{"start":{"line":243,"column":0},"end":{"line":243,"column":73}},"243":{"start":{"line":244,"column":0},"end":{"line":244,"column":28}},"244":{"start":{"line":245,"column":0},"end":{"line":245,"column":5}},"245":{"start":{"line":246,"column":0},"end":{"line":246,"column":0}},"246":{"start":{"line":247,"column":0},"end":{"line":247,"column":98}},"247":{"start":{"line":248,"column":0},"end":{"line":248,"column":28}},"248":{"start":{"line":249,"column":0},"end":{"line":249,"column":1}},"249":{"start":{"line":250,"column":0},"end":{"line":250,"column":0}},"250":{"start":{"line":251,"column":0},"end":{"line":251,"column":87}},"251":{"start":{"line":252,"column":0},"end":{"line":252,"column":51}},"252":{"start":{"line":253,"column":0},"end":{"line":253,"column":75}},"253":{"start":{"line":254,"column":0},"end":{"line":254,"column":1}},"254":{"start":{"line":255,"column":0},"end":{"line":255,"column":0}},"255":{"start":{"line":256,"column":0},"end":{"line":256,"column":56}},"256":{"start":{"line":257,"column":0},"end":{"line":257,"column":62}},"257":{"start":{"line":258,"column":0},"end":{"line":258,"column":45}},"258":{"start":{"line":259,"column":0},"end":{"line":259,"column":53}},"259":{"start":{"line":260,"column":0},"end":{"line":260,"column":0}},"260":{"start":{"line":261,"column":0},"end":{"line":261,"column":45}},"261":{"start":{"line":262,"column":0},"end":{"line":262,"column":32}},"262":{"start":{"line":263,"column":0},"end":{"line":263,"column":56}},"263":{"start":{"line":264,"column":0},"end":{"line":264,"column":18}},"264":{"start":{"line":265,"column":0},"end":{"line":265,"column":27}},"265":{"start":{"line":266,"column":0},"end":{"line":266,"column":9}},"266":{"start":{"line":267,"column":0},"end":{"line":267,"column":39}},"267":{"start":{"line":268,"column":0},"end":{"line":268,"column":62}},"268":{"start":{"line":269,"column":0},"end":{"line":269,"column":18}},"269":{"start":{"line":270,"column":0},"end":{"line":270,"column":27}},"270":{"start":{"line":271,"column":0},"end":{"line":271,"column":9}},"271":{"start":{"line":272,"column":0},"end":{"line":272,"column":12}},"272":{"start":{"line":273,"column":0},"end":{"line":273,"column":68}},"273":{"start":{"line":274,"column":0},"end":{"line":274,"column":5}},"274":{"start":{"line":275,"column":0},"end":{"line":275,"column":0}},"275":{"start":{"line":276,"column":0},"end":{"line":276,"column":46}},"276":{"start":{"line":277,"column":0},"end":{"line":277,"column":1}},"277":{"start":{"line":278,"column":0},"end":{"line":278,"column":0}},"278":{"start":{"line":279,"column":0},"end":{"line":279,"column":76}},"279":{"start":{"line":280,"column":0},"end":{"line":280,"column":77}},"280":{"start":{"line":281,"column":0},"end":{"line":281,"column":62}},"281":{"start":{"line":282,"column":0},"end":{"line":282,"column":68}},"282":{"start":{"line":283,"column":0},"end":{"line":283,"column":37}},"283":{"start":{"line":284,"column":0},"end":{"line":284,"column":92}},"284":{"start":{"line":285,"column":0},"end":{"line":285,"column":8}},"285":{"start":{"line":286,"column":0},"end":{"line":286,"column":2}},"286":{"start":{"line":287,"column":0},"end":{"line":287,"column":0}},"287":{"start":{"line":288,"column":0},"end":{"line":288,"column":3}},"288":{"start":{"line":289,"column":0},"end":{"line":289,"column":46}},"289":{"start":{"line":290,"column":0},"end":{"line":290,"column":73}},"290":{"start":{"line":291,"column":0},"end":{"line":291,"column":2}},"291":{"start":{"line":292,"column":0},"end":{"line":292,"column":11}},"292":{"start":{"line":293,"column":0},"end":{"line":293,"column":61}},"293":{"start":{"line":294,"column":0},"end":{"line":294,"column":21}},"294":{"start":{"line":295,"column":0},"end":{"line":295,"column":3}},"295":{"start":{"line":296,"column":0},"end":{"line":296,"column":60}},"296":{"start":{"line":297,"column":0},"end":{"line":297,"column":14}},"297":{"start":{"line":298,"column":0},"end":{"line":298,"column":49}},"298":{"start":{"line":299,"column":0},"end":{"line":299,"column":5}},"299":{"start":{"line":300,"column":0},"end":{"line":300,"column":0}},"300":{"start":{"line":301,"column":0},"end":{"line":301,"column":15}},"301":{"start":{"line":302,"column":0},"end":{"line":302,"column":1}}},"s":{"0":1,"1":1,"2":1,"3":1,"4":1,"5":1,"6":1,"7":1,"8":1,"9":1,"10":1,"11":1,"12":1,"13":1,"14":1,"15":1,"16":1,"17":1,"18":0,"19":0,"20":0,"21":0,"22":0,"23":0,"24":0,"25":0,"26":0,"27":0,"28":0,"29":0,"30":0,"31":0,"32":0,"33":0,"34":0,"35":0,"36":0,"37":0,"38":0,"39":0,"40":0,"41":0,"42":0,"43":0,"44":0,"45":0,"46":0,"47":0,"48":0,"49":0,"50":0,"51":0,"52":0,"53":0,"54":0,"55":0,"56":0,"57":0,"58":0,"59":0,"60":0,"61":0,"62":0,"63":0,"64":0,"65":0,"66":0,"67":0,"68":0,"69":0,"70":0,"71":0,"72":0,"73":0,"74":0,"75":0,"76":1,"77":1,"78":0,"79":0,"80":0,"81":0,"82":0,"83":0,"84":0,"85":0,"86":0,"87":0,"88":0,"89":0,"90":0,"91":0,"92":0,"93":0,"94":0,"95":0,"96":0,"97":0,"98":0,"99":0,"100":0,"101":0,"102":0,"103":0,"104":0,"105":0,"106":0,"107":0,"108":0,"109":0,"110":0,"111":0,"112":0,"113":0,"114":0,"115":0,"116":0,"117":0,"118":0,"119":0,"120":0,"121":1,"122":0,"123":0,"124":0,"125":0,"126":1,"127":0,"128":0,"129":0,"130":0,"131":0,"132":0,"133":0,"134":0,"135":0,"136":0,"137":1,"138":0,"139":0,"140":0,"141":0,"142":0,"143":0,"144":0,"145":0,"146":0,"147":0,"148":0,"149":0,"150":0,"151":0,"152":0,"153":1,"154":1,"155":0,"156":0,"157":0,"158":0,"159":0,"160":0,"161":0,"162":0,"163":0,"164":0,"165":0,"166":0,"167":0,"168":0,"169":0,"170":0,"171":0,"172":0,"173":0,"174":0,"175":0,"176":0,"177":0,"178":0,"179":0,"180":0,"181":0,"182":0,"183":0,"184":0,"185":0,"186":0,"187":0,"188":0,"189":0,"190":0,"191":0,"192":0,"193":0,"194":0,"195":1,"196":1,"197":1,"198":1,"199":1,"200":1,"201":1,"202":1,"203":1,"204":1,"205":1,"206":1,"207":1,"208":1,"209":1,"210":1,"211":1,"212":1,"213":1,"214":1,"215":1,"216":1,"217":1,"218":3,"219":3,"220":3,"221":3,"222":3,"223":0,"224":0,"225":0,"226":0,"227":0,"228":0,"229":0,"230":0,"231":0,"232":0,"233":0,"234":0,"235":0,"236":3,"237":3,"238":3,"239":3,"240":3,"241":1,"242":1,"243":1,"244":1,"245":2,"246":2,"247":2,"248":2,"249":1,"250":1,"251":0,"252":0,"253":0,"254":1,"255":1,"256":0,"257":0,"258":0,"259":0,"260":0,"261":0,"262":0,"263":0,"264":0,"265":0,"266":0,"267":0,"268":0,"269":0,"270":0,"271":0,"272":0,"273":0,"274":0,"275":0,"276":0,"277":1,"278":1,"279":1,"280":1,"281":1,"282":1,"283":1,"284":1,"285":1,"286":1,"287":1,"288":1,"289":1,"290":1,"291":1,"292":1,"293":1,"294":1,"295":0,"296":0,"297":0,"298":0,"299":0,"300":0,"301":0},"branchMap":{"0":{"type":"branch","line":219,"loc":{"start":{"line":219,"column":0},"end":{"line":249,"column":1}},"locations":[{"start":{"line":219,"column":0},"end":{"line":249,"column":1}}]},"1":{"type":"branch","line":223,"loc":{"start":{"line":223,"column":30},"end":{"line":236,"column":5}},"locations":[{"start":{"line":223,"column":30},"end":{"line":236,"column":5}}]},"2":{"type":"branch","line":241,"loc":{"start":{"line":241,"column":41},"end":{"line":245,"column":5}},"locations":[{"start":{"line":241,"column":41},"end":{"line":245,"column":5}}]},"3":{"type":"branch","line":246,"loc":{"start":{"line":246,"column":-1},"end":{"line":249,"column":1}},"locations":[{"start":{"line":246,"column":-1},"end":{"line":249,"column":1}}]}},"b":{"0":[3],"1":[0],"2":[1],"3":[2]},"fnMap":{"0":{"name":"waitForShellIntegration","decl":{"start":{"line":18,"column":7},"end":{"line":76,"column":1}},"loc":{"start":{"line":18,"column":7},"end":{"line":76,"column":1}},"line":18},"1":{"name":"detectsCommonPromptPattern","decl":{"start":{"line":79,"column":0},"end":{"line":121,"column":1}},"loc":{"start":{"line":79,"column":0},"end":{"line":121,"column":1}},"line":79},"2":{"name":"isTaskTerminal","decl":{"start":{"line":123,"column":0},"end":{"line":126,"column":1}},"loc":{"start":{"line":123,"column":0},"end":{"line":126,"column":1}},"line":123},"3":{"name":"getTerminalCwd","decl":{"start":{"line":128,"column":0},"end":{"line":137,"column":1}},"loc":{"start":{"line":128,"column":0},"end":{"line":137,"column":1}},"line":128},"4":{"name":"getDistinctProjectEnvs","decl":{"start":{"line":139,"column":0},"end":{"line":153,"column":1}},"loc":{"start":{"line":139,"column":0},"end":{"line":153,"column":1}},"line":139},"5":{"name":"getEnvironmentForTerminal","decl":{"start":{"line":155,"column":7},"end":{"line":195,"column":1}},"loc":{"start":{"line":155,"column":7},"end":{"line":195,"column":1}},"line":155},"6":{"name":"getAutoActivationType","decl":{"start":{"line":219,"column":0},"end":{"line":249,"column":1}},"loc":{"start":{"line":219,"column":0},"end":{"line":249,"column":1}},"line":219},"7":{"name":"setAutoActivationType","decl":{"start":{"line":251,"column":7},"end":{"line":254,"column":1}},"loc":{"start":{"line":251,"column":7},"end":{"line":254,"column":1}},"line":251},"8":{"name":"getAllDistinctProjectEnvironments","decl":{"start":{"line":256,"column":7},"end":{"line":277,"column":1}},"loc":{"start":{"line":256,"column":7},"end":{"line":277,"column":1}},"line":256},"9":{"name":"removeAnsiEscapeCodes","decl":{"start":{"line":296,"column":0},"end":{"line":302,"column":1}},"loc":{"start":{"line":296,"column":0},"end":{"line":302,"column":1}},"line":296}},"f":{"0":0,"1":0,"2":0,"3":0,"4":0,"5":0,"6":3,"7":0,"8":0,"9":0}}
}
